2022-03-21 07:26:21,163  INFO:---------------------------------------------------------------------------------------------------------
2022-03-21 07:26:21,163  INFO:file execution started for input video /content/drive/MyDrive/ViSha/dataset/test/images/Bicycle/mygeneratedvideo.mp4
2022-03-21 07:32:31,032  INFO:---------------------------------------------------------------------------------------------------------
2022-03-21 07:32:31,033  INFO:file execution started for input video /content/drive/MyDrive/ViSha/dataset/test/images/Bicycle/mygeneratedvideo.mp4
2022-03-21 07:33:31,055  INFO:---------------------------------------------------------------------------------------------------------
2022-03-21 07:33:31,056  INFO:file execution started for input video /content/drive/MyDrive/ViSha/dataset/test/images/Bicycle/mygeneratedvideo.mp4
2022-03-21 07:34:23,093  INFO:---------------------------------------------------------------------------------------------------------
2022-03-21 07:34:23,094  INFO:file execution started for input video /content/drive/MyDrive/ViSha/dataset/test/images/Bicycle/mygeneratedvideo.mp4
2022-03-21 07:36:10,897  INFO:---------------------------------------------------------------------------------------------------------
2022-03-21 07:36:10,898  INFO:file execution started for input video /content/drive/MyDrive/ViSha/dataset/test/images/Bicycle/mygeneratedvideo.mp4
2022-03-21 07:36:30,789  INFO:---------------------------------------------------------------------------------------------------------
2022-03-21 07:36:30,790  INFO:file execution started for input video /content/drive/MyDrive/ViSha/dataset/test/images/Bicycle/mygeneratedvideo.mp4
2022-03-21 07:38:43,322  INFO:---------------------------------------------------------------------------------------------------------
2022-03-21 07:38:43,323  INFO:file execution started for input video /content/drive/MyDrive/ViSha/dataset/test/images/Bicycle/mygeneratedvideo.mp4
2022-03-21 07:39:19,437  INFO:---------------------------------------------------------------------------------------------------------
2022-03-21 07:39:19,438  INFO:file execution started for input video /content/drive/MyDrive/ViSha/dataset/test/images/Bicycle/mygeneratedvideo.mp4
2022-03-21 07:40:29,437  INFO:---------------------------------------------------------------------------------------------------------
2022-03-21 07:40:29,438  INFO:file execution started for input video /content/drive/MyDrive/ViSha/dataset/test/images/Bicycle/mygeneratedvideo.mp4
2022-03-21 07:40:45,975  INFO:---------------------------------------------------------------------------------------------------------
2022-03-21 07:40:45,976  INFO:file execution started for input video /content/drive/MyDrive/ViSha/dataset/test/images/Bicycle/mygeneratedvideo.mp4
2022-03-21 07:42:58,667  INFO:---------------------------------------------------------------------------------------------------------
2022-03-21 07:42:58,668  INFO:file execution started for input video /content/drive/MyDrive/ViSha/dataset/test/images/Bicycle/mygeneratedvideo.mp4
2022-03-21 07:43:19,860  INFO:---------------------------------------------------------------------------------------------------------
2022-03-21 07:43:19,861  INFO:file execution started for input video /content/drive/MyDrive/ViSha/dataset/test/images/Bicycle/mygeneratedvideo.mp4
2022-03-21 07:46:59,712  INFO:---------------------------------------------------------------------------------------------------------
2022-03-21 07:46:59,713  INFO:file execution started for input video /content/drive/MyDrive/ViSha/dataset/test/images/Bicycle/mygeneratedvideo.mp4
2022-03-21 07:47:41,491  INFO:---------------------------------------------------------------------------------------------------------
2022-03-21 07:47:41,492  INFO:file execution started for input video /content/drive/MyDrive/ViSha/dataset/test/images/Bicycle/mygeneratedvideo.mp4
2022-03-21 07:50:26,079  INFO:---------------------------------------------------------------------------------------------------------
2022-03-21 07:50:26,080  INFO:file execution started for input video /content/drive/MyDrive/ViSha/dataset/test/images/Bicycle/mygeneratedvideo.mp4
2022-03-21 07:51:03,479  INFO:---------------------------------------------------------------------------------------------------------
2022-03-21 07:51:03,480  INFO:file execution started for input video /content/drive/MyDrive/ViSha/dataset/test/images/Bicycle/mygeneratedvideo.mp4
2022-03-21 07:52:06,171  INFO:---------------------------------------------------------------------------------------------------------
2022-03-21 07:52:06,172  INFO:file execution started for input video /content/drive/MyDrive/ViSha/dataset/test/images/Bicycle/mygeneratedvideo.mp4
2022-03-21 07:52:37,485  INFO:---------------------------------------------------------------------------------------------------------
2022-03-21 07:52:37,486  INFO:file execution started for input video /content/drive/MyDrive/ViSha/dataset/test/images/Bicycle/mygeneratedvideo.mp4
2022-03-21 07:53:13,290  INFO:---------------------------------------------------------------------------------------------------------
2022-03-21 07:53:13,291  INFO:file execution started for input video /content/drive/MyDrive/ViSha/dataset/test/images/Bicycle/mygeneratedvideo.mp4
2022-03-21 07:53:30,938  INFO:---------------------------------------------------------------------------------------------------------
2022-03-21 07:53:30,939  INFO:file execution started for input video /content/drive/MyDrive/ViSha/dataset/test/images/Bicycle/mygeneratedvideo.mp4
2022-03-21 07:53:50,201  INFO:---------------------------------------------------------------------------------------------------------
2022-03-21 07:53:50,202  INFO:file execution started for input video /content/drive/MyDrive/ViSha/dataset/test/images/Bicycle/mygeneratedvideo.mp4
2022-03-21 07:55:09,148  INFO:---------------------------------------------------------------------------------------------------------
2022-03-21 07:55:09,150  INFO:file execution started for input video /content/drive/MyDrive/ViSha/dataset/test/images/Bicycle/mygeneratedvideo.mp4
2022-03-21 07:56:05,276  INFO:---------------------------------------------------------------------------------------------------------
2022-03-21 07:56:05,277  INFO:file execution started for input video /content/drive/MyDrive/ViSha/dataset/test/images/Bicycle/mygeneratedvideo.mp4
2022-03-21 07:58:07,548  INFO:---------------------------------------------------------------------------------------------------------
2022-03-21 07:58:07,549  INFO:file execution started for input video /content/drive/MyDrive/ViSha/dataset/test/images/Bicycle/mygeneratedvideo.mp4
2022-03-21 07:58:34,830  INFO:---------------------------------------------------------------------------------------------------------
2022-03-21 07:58:34,831  INFO:file execution started for input video /content/drive/MyDrive/ViSha/dataset/test/images/Bicycle/mygeneratedvideo.mp4
2022-03-21 08:00:35,569  INFO:---------------------------------------------------------------------------------------------------------
2022-03-21 08:00:35,570  INFO:file execution started for input video /content/drive/MyDrive/ViSha/dataset/test/images/Bicycle/mygeneratedvideo.mp4
2022-03-21 08:02:06,719  INFO:---------------------------------------------------------------------------------------------------------
2022-03-21 08:02:06,720  INFO:file execution started for input video /content/drive/MyDrive/ViSha/dataset/test/images/Bicycle/mygeneratedvideo.mp4
2022-03-21 08:02:58,667  INFO:---------------------------------------------------------------------------------------------------------
2022-03-21 08:02:58,668  INFO:file execution started for input video /content/drive/MyDrive/ViSha/dataset/test/images/Bicycle/mygeneratedvideo.mp4
2022-03-21 08:08:32,658  INFO:---------------------------------------------------------------------------------------------------------
2022-03-21 08:08:32,659  INFO:file execution started for input video /content/drive/MyDrive/ViSha/dataset/test/images/Bicycle/mygeneratedvideo.mp4
2022-03-21 08:16:21,372  INFO:---------------------------------------------------------------------------------------------------------
2022-03-21 08:16:21,373  INFO:file execution started for input video /content/drive/MyDrive/ViSha/dataset/test/images/Bicycle/mygeneratedvideo.mp4
2022-03-21 08:18:54,250  INFO:---------------------------------------------------------------------------------------------------------
2022-03-21 08:18:54,251  INFO:file execution started for input video /content/drive/MyDrive/ViSha/dataset/test/images/Bicycle/mygeneratedvideo.mp4
2022-03-21 08:21:37,791  INFO:---------------------------------------------------------------------------------------------------------
2022-03-21 08:21:37,792  INFO:file execution started for input video /content/drive/MyDrive/ViSha/dataset/test/images/Bicycle/mygeneratedvideo.mp4
2022-03-21 08:22:15,051  INFO:---------------------------------------------------------------------------------------------------------
2022-03-21 08:22:15,052  INFO:file execution started for input video /content/drive/MyDrive/ViSha/dataset/test/images/Bicycle/mygeneratedvideo.mp4
2022-03-21 08:23:52,375  INFO:---------------------------------------------------------------------------------------------------------
2022-03-21 08:23:52,376  INFO:file execution started for input video /content/drive/MyDrive/ViSha/dataset/test/images/Bicycle/mygeneratedvideo.mp4
2022-03-21 08:24:47,260  INFO:---------------------------------------------------------------------------------------------------------
2022-03-21 08:24:47,261  INFO:file execution started for input video /content/drive/MyDrive/ViSha/dataset/test/images/Bicycle/mygeneratedvideo.mp4
2022-03-21 08:25:27,054  INFO:---------------------------------------------------------------------------------------------------------
2022-03-21 08:25:27,055  INFO:file execution started for input video /content/drive/MyDrive/ViSha/dataset/test/images/Bicycle/mygeneratedvideo.mp4
2022-03-21 08:26:24,568  INFO:---------------------------------------------------------------------------------------------------------
2022-03-21 08:26:24,569  INFO:file execution started for input video /content/drive/MyDrive/ViSha/dataset/test/images/Bicycle/mygeneratedvideo.mp4
2022-03-21 08:27:54,190  INFO:---------------------------------------------------------------------------------------------------------
2022-03-21 08:27:54,191  INFO:file execution started for input video /content/drive/MyDrive/ViSha/dataset/test/images/Bicycle/mygeneratedvideo.mp4
2022-03-21 08:29:09,950  INFO:---------------------------------------------------------------------------------------------------------
2022-03-21 08:29:09,951  INFO:file execution started for input video /content/drive/MyDrive/ViSha/dataset/test/images/Bicycle/mygeneratedvideo.mp4
2022-03-21 09:27:20,111  INFO:---------------------------------------------------------------------------------------------------------
2022-03-21 09:27:20,288  INFO:file execution started for input video /content/drive/MyDrive/ViSha/dataset/test/images/Bicycle/mygeneratedvideo.mp4
2022-03-21 09:29:04,048  INFO:---------------------------------------------------------------------------------------------------------
2022-03-21 09:29:04,049  INFO:file execution started for input video /content/drive/MyDrive/ViSha/dataset/test/images/Bicycle/mygeneratedvideo.mp4
2022-03-21 09:31:48,084  INFO:---------------------------------------------------------------------------------------------------------
2022-03-21 09:31:48,085  INFO:file execution started for input video /content/drive/MyDrive/ViSha/dataset/test/images/Bicycle/mygeneratedvideo.mp4
2022-03-21 09:33:13,924  INFO:---------------------------------------------------------------------------------------------------------
2022-03-21 09:33:13,925  INFO:file execution started for input video /content/drive/MyDrive/ViSha/dataset/test/images/Bicycle/mygeneratedvideo.mp4
2022-03-21 09:34:40,717  INFO:---------------------------------------------------------------------------------------------------------
2022-03-21 09:34:40,718  INFO:file execution started for input video /content/drive/MyDrive/ViSha/dataset/test/images/Bicycle/mygeneratedvideo.mp4
2022-03-21 09:36:57,561  INFO:---------------------------------------------------------------------------------------------------------
2022-03-21 09:36:57,563  INFO:file execution started for input video /content/drive/MyDrive/ViSha/dataset/test/images/Bicycle/mygeneratedvideo.mp4
2022-03-21 09:37:59,800  INFO:---------------------------------------------------------------------------------------------------------
2022-03-21 09:37:59,804  INFO:file execution started for input video /content/drive/MyDrive/ViSha/dataset/test/images/Bicycle/mygeneratedvideo.mp4
2022-03-21 09:40:22,983  INFO:---------------------------------------------------------------------------------------------------------
2022-03-21 09:40:22,984  INFO:file execution started for input video /content/drive/MyDrive/ViSha/dataset/test/images/Human9/mygeneratedvideo.mp4
2022-03-21 09:40:53,727  INFO:---------------------------------------------------------------------------------------------------------
2022-03-21 09:40:53,728  INFO:file execution started for input video /content/drive/MyDrive/ViSha/dataset/test/images/Human9/mygeneratedvideo.mp4
2022-03-21 09:42:18,574  INFO:---------------------------------------------------------------------------------------------------------
2022-03-21 09:42:18,575  INFO:file execution started for input video /content/drive/MyDrive/ViSha/dataset/test/images/Human9/mygeneratedvideo.mp4
2022-03-21 09:43:45,863  INFO:---------------------------------------------------------------------------------------------------------
2022-03-21 09:43:45,864  INFO:file execution started for input video /content/drive/MyDrive/ViSha/dataset/test/images/Human9/mygeneratedvideo.mp4
2022-03-21 09:45:21,133  INFO:---------------------------------------------------------------------------------------------------------
2022-03-21 09:45:21,135  INFO:file execution started for input video /content/drive/MyDrive/ViSha/dataset/test/images/Human9/mygeneratedvideo.mp4
2022-03-21 09:46:56,989  INFO:---------------------------------------------------------------------------------------------------------
2022-03-21 09:46:56,990  INFO:file execution started for input video /content/drive/MyDrive/ViSha/dataset/test/images/Human9/mygeneratedvideo.mp4
2022-03-21 09:50:15,249  INFO:---------------------------------------------------------------------------------------------------------
2022-03-21 09:50:15,250  INFO:file execution started for input video /content/drive/MyDrive/ViSha/dataset/test/images/Human9/mygeneratedvideo.mp4
2022-03-21 09:50:31,878  INFO:---------------------------------------------------------------------------------------------------------
2022-03-21 09:50:31,879  INFO:file execution started for input video /content/drive/MyDrive/ViSha/dataset/test/images/Human9/mygeneratedvideo.mp4
2022-03-21 09:50:43,836  INFO:---------------------------------------------------------------------------------------------------------
2022-03-21 09:50:43,837  INFO:file execution started for input video /content/drive/MyDrive/ViSha/dataset/test/images/Human9/mygeneratedvideo.mp4
2022-03-21 09:51:15,940  INFO:---------------------------------------------------------------------------------------------------------
2022-03-21 09:51:15,941  INFO:file execution started for input video /content/drive/MyDrive/ViSha/dataset/test/images/Human9/mygeneratedvideo.mp4
2022-03-21 09:51:40,642  INFO:---------------------------------------------------------------------------------------------------------
2022-03-21 09:51:40,643  INFO:file execution started for input video /content/drive/MyDrive/ViSha/dataset/test/images/Bicycle/mygeneratedvideo.mp4
2022-03-21 09:53:03,642  INFO:---------------------------------------------------------------------------------------------------------
2022-03-21 09:53:03,643  INFO:file execution started for input video /content/drive/MyDrive/ViSha/dataset/test/images/Bicycle/mygeneratedvideo.mp4
2022-03-21 09:54:39,186  INFO:---------------------------------------------------------------------------------------------------------
2022-03-21 09:54:39,192  INFO:file execution started for input video /content/drive/MyDrive/ViSha/dataset/test/images/Bicycle/mygeneratedvideo.mp4
2022-03-21 09:55:19,491  INFO:---------------------------------------------------------------------------------------------------------
2022-03-21 09:55:19,492  INFO:file execution started for input video /content/drive/MyDrive/ViSha/dataset/test/images/Bicycle/mygeneratedvideo.mp4
2022-03-21 09:57:54,952  INFO:---------------------------------------------------------------------------------------------------------
2022-03-21 09:57:54,954  INFO:file execution started for input video /content/drive/MyDrive/ViSha/dataset/test/images/Bicycle/mygeneratedvideo.mp4
2022-03-21 10:00:13,190  INFO:---------------------------------------------------------------------------------------------------------
2022-03-21 10:00:13,191  INFO:file execution started for input video /content/drive/MyDrive/ViSha/dataset/test/images/Bicycle/mygeneratedvideo.mp4
2022-03-21 10:03:17,084  INFO:---------------------------------------------------------------------------------------------------------
2022-03-21 10:03:17,085  INFO:file execution started for input video /content/drive/MyDrive/Data_Visha/train/videos/Ball_ce1.mp4
2022-03-21 10:09:42,192  INFO:---------------------------------------------------------------------------------------------------------
2022-03-21 10:09:42,195  INFO:file execution started for input video /content/drive/MyDrive/Data_Visha/train/videos/Ball_ce1.mp4
2022-03-21 10:09:55,886  INFO:---------------------------------------------------------------------------------------------------------
2022-03-21 10:09:55,890  INFO:file execution started for input video /content/drive/MyDrive/Data_Visha/train/videos/Ball_ce1.mp4
2022-03-21 10:11:00,898  INFO:---------------------------------------------------------------------------------------------------------
2022-03-21 10:11:00,901  INFO:file execution started for input video /content/drive/MyDrive/Data_Visha/train/videos/Ball_ce1.mp4
2022-03-21 10:11:01,742  INFO:file execution started for input video /content/drive/MyDrive/Data_Visha/train/videos/Bicycle.mp4
2022-03-21 10:11:02,572  INFO:file execution started for input video /content/drive/MyDrive/Data_Visha/train/videos/Biker.mp4
2022-03-21 10:11:03,076  INFO:file execution started for input video /content/drive/MyDrive/Data_Visha/train/videos/Bikeshow_ce.mp4
2022-03-21 10:13:10,137  INFO:---------------------------------------------------------------------------------------------------------
2022-03-21 10:13:10,140  INFO:file execution started for input video /content/drive/MyDrive/Data_Visha/train/videos/Ball_ce1.mp4
2022-03-21 10:13:10,991  INFO:file execution started for input video /content/drive/MyDrive/Data_Visha/train/videos/Bicycle.mp4
2022-03-21 10:13:11,493  INFO:file execution started for input video /content/drive/MyDrive/Data_Visha/train/videos/Biker.mp4
2022-03-21 10:13:11,828  INFO:file execution started for input video /content/drive/MyDrive/Data_Visha/train/videos/Bikeshow_ce.mp4
2022-03-21 10:17:32,665  INFO:---------------------------------------------------------------------------------------------------------
2022-03-21 10:17:32,669  INFO:file execution started for input video /content/drive/MyDrive/Data_Visha/train/videos/Ball_ce1.mp4
2022-03-21 10:17:33,498  INFO:file execution started for input video /content/drive/MyDrive/Data_Visha/train/videos/Bicycle.mp4
2022-03-21 10:17:33,987  INFO:file execution started for input video /content/drive/MyDrive/Data_Visha/train/videos/Biker.mp4
2022-03-21 10:17:34,299  INFO:file execution started for input video /content/drive/MyDrive/Data_Visha/train/videos/Bikeshow_ce.mp4
2022-03-21 10:19:00,132  INFO:---------------------------------------------------------------------------------------------------------
2022-03-21 10:19:00,135  INFO:file execution started for input video /content/drive/MyDrive/Data_Visha/train/videos/.ipynb_checkpoints
2022-03-21 10:20:10,223  INFO:---------------------------------------------------------------------------------------------------------
2022-03-21 10:20:10,229  INFO:file execution started for input video /content/drive/MyDrive/Data_Visha/train/videos/Ball_ce1.mp4
2022-03-21 10:20:11,162  INFO:file execution started for input video /content/drive/MyDrive/Data_Visha/train/videos/Bicycle.mp4
2022-03-21 10:20:11,763  INFO:file execution started for input video /content/drive/MyDrive/Data_Visha/train/videos/Biker.mp4
2022-03-21 10:20:12,267  INFO:file execution started for input video /content/drive/MyDrive/Data_Visha/train/videos/Car1.mp4
2022-03-21 10:20:12,950  INFO:file execution started for input video /content/drive/MyDrive/Data_Visha/train/videos/Crossing2.mp4
2022-03-21 10:20:13,412  INFO:file execution started for input video /content/drive/MyDrive/Data_Visha/train/videos/Dog.mp4
2022-03-21 10:20:13,969  INFO:file execution started for input video /content/drive/MyDrive/Data_Visha/train/videos/Hand_ce1.mp4
2022-03-21 10:20:16,049  INFO:file execution started for input video /content/drive/MyDrive/Data_Visha/train/videos/Kite_ce1.mp4
2022-03-21 10:20:17,107  INFO:file execution started for input video /content/drive/MyDrive/Data_Visha/train/videos/MotorRolling.mp4
2022-03-21 10:22:06,109  INFO:---------------------------------------------------------------------------------------------------------
2022-03-21 10:22:06,113  INFO:file execution started for input video /content/drive/MyDrive/Data_Visha/train/videos/.ipynb_checkpoints
2022-03-21 10:24:43,956  INFO:---------------------------------------------------------------------------------------------------------
2022-03-21 10:24:43,960  INFO:file execution started for input video /content/drive/MyDrive/Data_Visha/train/videos/Bicycle.mp4
2022-03-21 10:24:44,493  INFO:file execution started for input video /content/drive/MyDrive/Data_Visha/train/videos/Ball_ce1.mp4
2022-03-21 10:24:45,293  INFO:file execution started for input video /content/drive/MyDrive/Data_Visha/train/videos/Biker.mp4
2022-03-21 10:24:45,650  INFO:file execution started for input video /content/drive/MyDrive/Data_Visha/train/videos/Car1.mp4
2022-03-21 10:24:45,975  INFO:file execution started for input video /content/drive/MyDrive/Data_Visha/train/videos/Crossing2.mp4
2022-03-21 10:24:46,258  INFO:file execution started for input video /content/drive/MyDrive/Data_Visha/train/videos/Dog.mp4
2022-03-21 10:24:46,516  INFO:file execution started for input video /content/drive/MyDrive/Data_Visha/train/videos/Hand_ce1.mp4
2022-03-21 10:24:48,148  INFO:file execution started for input video /content/drive/MyDrive/Data_Visha/train/videos/Kite_ce1.mp4
2022-03-21 10:24:48,815  INFO:file execution started for input video /content/drive/MyDrive/Data_Visha/train/videos/MountainBike.mp4
2022-03-21 10:24:49,560  INFO:file execution started for input video /content/drive/MyDrive/Data_Visha/train/videos/Sunshade.mp4
2022-03-21 10:24:50,022  INFO:file execution started for input video /content/drive/MyDrive/Data_Visha/train/videos/TennisBall_ce.mp4
2022-03-21 10:24:51,678  INFO:file execution started for input video /content/drive/MyDrive/Data_Visha/train/videos/baby_cat.mp4
2022-03-21 10:24:53,689  INFO:file execution started for input video /content/drive/MyDrive/Data_Visha/train/videos/baby_wave1.mp4
2022-03-21 10:24:55,743  INFO:file execution started for input video /content/drive/MyDrive/Data_Visha/train/videos/bear.mp4
2022-03-21 10:24:56,921  INFO:file execution started for input video /content/drive/MyDrive/Data_Visha/train/videos/bike2.mp4
2022-03-21 10:24:58,855  INFO:file execution started for input video /content/drive/MyDrive/Data_Visha/train/videos/billiard_2.mp4
2022-03-21 10:25:00,900  INFO:file execution started for input video /content/drive/MyDrive/Data_Visha/train/videos/bird.mp4
2022-03-21 10:25:02,103  INFO:file execution started for input video /content/drive/MyDrive/Data_Visha/train/videos/black_car.mp4
2022-03-21 10:25:03,919  INFO:file execution started for input video /content/drive/MyDrive/Data_Visha/train/videos/book.mp4
2022-03-21 10:25:05,734  INFO:file execution started for input video /content/drive/MyDrive/Data_Visha/train/videos/book2.mp4
2022-03-21 10:25:06,942  INFO:file execution started for input video /content/drive/MyDrive/Data_Visha/train/videos/bottle_cup.mp4
2022-03-21 10:25:08,661  INFO:file execution started for input video /content/drive/MyDrive/Data_Visha/train/videos/bottle_down.mp4
2022-03-21 10:25:10,299  INFO:file execution started for input video /content/drive/MyDrive/Data_Visha/train/videos/coffe_bottle.mp4
2022-03-21 10:25:12,119  INFO:file execution started for input video /content/drive/MyDrive/Data_Visha/train/videos/crossing.mp4
2022-03-21 10:25:14,023  INFO:file execution started for input video /content/drive/MyDrive/Data_Visha/train/videos/dumbbell1.mp4
2022-03-21 10:25:15,943  INFO:file execution started for input video /content/drive/MyDrive/Data_Visha/train/videos/exercise.mp4
2022-03-21 10:25:17,150  INFO:file execution started for input video /content/drive/MyDrive/Data_Visha/train/videos/fence.mp4
2022-03-21 10:25:18,220  INFO:file execution started for input video /content/drive/MyDrive/Data_Visha/train/videos/fernando.mp4
2022-03-21 10:25:18,950  INFO:file execution started for input video /content/drive/MyDrive/Data_Visha/train/videos/guard_bar.mp4
2022-03-21 10:25:21,268  INFO:file execution started for input video /content/drive/MyDrive/Data_Visha/train/videos/hand-shake.mp4
2022-03-21 10:25:22,354  INFO:file execution started for input video /content/drive/MyDrive/Data_Visha/train/videos/helicopter.mp4
2022-03-21 10:25:23,553  INFO:file execution started for input video /content/drive/MyDrive/Data_Visha/train/videos/hello.mp4
2022-03-21 10:25:24,780  INFO:file execution started for input video /content/drive/MyDrive/Data_Visha/train/videos/jump3.mp4
2022-03-21 10:25:26,550  INFO:file execution started for input video /content/drive/MyDrive/Data_Visha/train/videos/jump4.mp4
2022-03-21 10:25:27,633  INFO:file execution started for input video /content/drive/MyDrive/Data_Visha/train/videos/racing.mp4
2022-03-21 10:25:28,288  INFO:file execution started for input video /content/drive/MyDrive/Data_Visha/train/videos/roadway.mp4
2022-03-21 10:25:29,307  INFO:file execution started for input video /content/drive/MyDrive/Data_Visha/train/videos/run_dog.mp4
2022-03-21 10:25:29,846  INFO:file execution started for input video /content/drive/MyDrive/Data_Visha/train/videos/shuffletable_2.mp4
2022-03-21 10:25:31,907  INFO:file execution started for input video /content/drive/MyDrive/Data_Visha/train/videos/skateboard-13.mp4
2022-03-21 10:25:34,163  INFO:file execution started for input video /content/drive/MyDrive/Data_Visha/train/videos/skateboard-6.mp4
2022-03-21 10:25:36,095  INFO:file execution started for input video /content/drive/MyDrive/Data_Visha/train/videos/somersault.mp4
2022-03-21 10:25:37,079  INFO:file execution started for input video /content/drive/MyDrive/Data_Visha/train/videos/stone.mp4
2022-03-21 10:25:39,098  INFO:file execution started for input video /content/drive/MyDrive/Data_Visha/train/videos/victory.mp4
2022-03-21 10:25:40,252  INFO:file execution started for input video /content/drive/MyDrive/Data_Visha/train/videos/walk3.mp4
2022-03-21 10:25:42,145  INFO:file execution started for input video /content/drive/MyDrive/Data_Visha/train/videos/walk5.mp4
2022-03-21 10:25:42,964  INFO:file execution started for input video /content/drive/MyDrive/Data_Visha/train/videos/walk_dog.mp4
2022-03-21 10:25:45,117  INFO:file execution started for input video /content/drive/MyDrive/Data_Visha/train/videos/white_car.mp4
2022-03-21 10:25:47,162  INFO:file execution started for input video /content/drive/MyDrive/Data_Visha/train/videos/white_cat.mp4
2022-03-21 10:25:48,039  INFO:file execution started for input video /content/drive/MyDrive/Data_Visha/train/videos/yoyo-18.mp4
